{"level":"info","message":"🚀 Server up and running on port 80","service":"auth"}
{"level":"info","message":"🚀 Server up and running on port 80","service":"auth"}
{"level":"info","message":"🚀 Server up and running on port 80","service":"auth"}
{"level":"info","message":"🚀 Server up and running on port 80","service":"auth"}
{"level":"info","message":"🚀 Server up and running on port 80","service":"auth"}
{"level":"info","message":"🚀 Server up and running on port 80","service":"auth"}
{"level":"info","message":"🚀 Server up and running on port 80","service":"auth"}
{"level":"info","message":"🚀 Server up and running on port 80","service":""}
{"level":"info","message":"🚀 Server up and running on port 80"}
{"level":"info","message":"🚀 Server up and running on port 80","service":"auth"}
{"level":"info","message":"🚀 Server up and running on port 80","service":"auth"}
{"level":"info","message":"🚀 Server up and running on port 80","port":80,"service":"auth"}
{"level":"info","message":"🚀 Server up and running on port 80","port":80,"service":"auth"}
{"level":"info","message":"🚀 Server up and running on port 80","port":80,"service":"auth"}
{"level":"info","message":"🚀 Server up and running on port 80","port":80,"service":"auth"}
{"level":"info","message":"🚀 Server up and running on port 80","port":80,"service":"auth"}
{"level":"info","message":"🚀 Server up and running on port 80","port":80,"service":"auth"}
{"level":"info","message":"🚀 Server up and running on port 80","port":80,"service":"auth"}
{"level":"info","message":"🚀 Server up and running on port 80","port":80,"service":"auth"}
{"level":"info","message":"🚀 Server up and running on port 80","port":80,"service":"auth"}
{"level":"error","message":"what is the time?","port":80,"service":"auth"}
{"level":"info","message":"🚀 Server up and running on port 80","port":80,"service":"auth"}
{"level":"error","message":"what is the time?","service":"auth"}
{"level":"info","message":"🚀 Server up and running on port 80","port":80,"service":"auth"}
{"level":"error","message":"what is the time?","service":"auth"}
{"level":"info","message":"🚀 Server up and running on port 80","port":80,"service":"auth","timestamp":"2022-08-04T22:04:26.008Z"}
{"level":"error","message":"what is the time?","service":"auth","timestamp":"2022-08-04T22:04:26.010Z"}
{"level":"info","message":"🚀 Server up and running on port 80","port":80,"service":"auth","timestamp":"2022-08-04T22:13:27.998Z"}
{"level":"error","message":"what is the time?","service":"auth","timestamp":"2022-08-04T22:13:28.000Z"}
{"level":"info","message":"🚀 Server up and running on port 80","port":80,"service":"auth","timestamp":"2022-08-04T22:13:50.120Z"}
{"level":"error","message":"what is the time?","service":"auth","timestamp":"2022-08-04T22:13:50.122Z"}
{"level":"info","message":"🚀 Server up and running on port 80","port":80,"service":"auth","timestamp":"2022-08-05T12:44:50.861Z"}
{"level":"error","message":"what is the time?","service":"auth","timestamp":"2022-08-05T12:44:50.862Z"}
{"level":"info","message":"🚀 Server up and running on port 80","port":80,"service":"auth","timestamp":"2022-08-05T12:45:02.790Z"}
{"level":"error","message":"what is the time?","service":"auth","timestamp":"2022-08-05T12:45:02.791Z"}
{"level":"info","message":"🚀 Server up and running on port 80","port":80,"service":"authh","timestamp":"2022-08-05T12:45:20.161Z"}
{"level":"error","message":"what is the time?","service":"authh","timestamp":"2022-08-05T12:45:20.162Z"}
{"level":"info","message":"🚀 Server up and running on port 80","port":80,"service":"auth","timestamp":"2022-08-05T12:45:25.827Z"}
{"level":"error","message":"what is the time?","service":"auth","timestamp":"2022-08-05T12:45:25.829Z"}
{"level":"info","message":"🚀 Server up and running on port 80","port":80,"service":"auth","timestamp":"2022-08-05T12:47:13.723Z"}
{"level":"error","message":"what is the time?","service":"auth","timestamp":"2022-08-05T12:47:13.725Z"}
{"level":"info","message":"🚀 Server up and running on port 80","port":80,"service":"auth","timestamp":"2022-08-05T13:06:46.287Z"}
{"level":"error","message":"what is the time?","service":"auth","timestamp":"2022-08-05T13:06:46.289Z"}
{"level":"info","message":"","method":"GET","service":"auth","timestamp":"2022-08-05T13:06:47.203Z"}
{"level":"info","message":"🚀 Server up and running on port 80","port":80,"service":"auth","timestamp":"2022-08-05T13:07:01.476Z"}
{"level":"error","message":"what is the time?","service":"auth","timestamp":"2022-08-05T13:07:01.478Z"}
{"level":"info","message":"304","method":"GET","service":"auth","timestamp":"2022-08-05T13:07:01.951Z"}
{"level":"info","message":"🚀 Server up and running on port 80","port":80,"service":"auth","timestamp":"2022-08-05T13:10:36.487Z"}
{"level":"error","message":"what is the time?","service":"auth","timestamp":"2022-08-05T13:10:36.489Z"}
{"level":"info","message":"🚀 Server up and running on port 80","port":80,"service":"auth","timestamp":"2022-08-05T13:11:20.458Z"}
{"level":"error","message":"what is the time?","service":"auth","timestamp":"2022-08-05T13:11:20.459Z"}
{"level":"info","message":"🚀 Server up and running on port 80","port":80,"service":"auth","timestamp":"2022-08-05T13:11:38.637Z"}
{"level":"error","message":"what is the time?","service":"auth","timestamp":"2022-08-05T13:11:38.638Z"}
{"ip":"::1","level":"info","message":"304","method":"GET","service":"auth","statusCode":"304","timestamp":"2022-08-05T13:11:48.217Z","url":"/"}
{"level":"info","message":"🚀 Server up and running on port 80","port":80,"service":"auth","timestamp":"2022-08-05T13:14:36.889Z"}
{"level":"error","message":"what is the time?","service":"auth","timestamp":"2022-08-05T13:14:36.891Z"}
{"level":"info","message":"🚀 Server up and running on port 80","port":80,"service":"auth","timestamp":"2022-08-05T13:14:38.676Z"}
{"level":"error","message":"what is the time?","service":"auth","timestamp":"2022-08-05T13:14:38.678Z"}
{"level":"info","message":"🚀 Server up and running on port 80","port":80,"service":"auth","timestamp":"2022-08-05T13:14:48.890Z"}
{"level":"error","message":"what is the time?","service":"auth","timestamp":"2022-08-05T13:14:48.892Z"}
{"level":"info","message":"🚀 Server up and running on port 80","port":80,"service":"auth","timestamp":"2022-08-05T13:14:50.774Z"}
{"level":"error","message":"what is the time?","service":"auth","timestamp":"2022-08-05T13:14:50.776Z"}
{"ip":"::1","level":"info","message":"304","method":"GET","service":"auth","statusCode":"304","timestamp":"2022-08-05T13:14:51.886Z","url":"/"}
{"ip":"::1","level":"error","message":"500","method":"GET","service":"auth","statusCode":"500","timestamp":"2022-08-05T13:15:00.286Z","url":"/causeError"}
{"level":"info","message":"🚀 Server up and running on port 80","port":80,"service":"auth","timestamp":"2022-08-05T19:14:48.693Z"}
{"level":"error","message":"what is the time?","service":"auth","timestamp":"2022-08-05T19:14:48.694Z"}
{"ip":"::1","level":"info","message":"304","method":"GET","service":"auth","statusCode":"304","timestamp":"2022-08-05T19:15:34.587Z","url":"/"}
{"ip":"::1","level":"warn","message":"404","method":"GET","service":"auth","statusCode":"404","timestamp":"2022-08-05T19:15:34.705Z","url":"/favicon.ico"}
{"ip":"::1","level":"info","message":"304","method":"GET","service":"auth","statusCode":"304","timestamp":"2022-08-05T19:15:56.807Z","url":"/"}
{"level":"info","message":"🚀 Server up and running on port 80","port":80,"service":"auth","timestamp":"2022-08-05T19:21:56.489Z"}
{"level":"error","message":"what is the time?","service":"auth","timestamp":"2022-08-05T19:21:56.490Z"}
{"level":"info","message":"🚀 Server up and running on port 80","port":80,"service":"auth","timestamp":"2022-08-05T19:22:32.808Z"}
{"level":"error","message":"what is the time?","service":"auth","timestamp":"2022-08-05T19:22:32.810Z"}
{"ip":"::1","level":"info","message":"304","method":"GET","responseTime":4,"service":"auth","statusCode":"304","timestamp":"2022-08-05T19:23:16.019Z","url":"/"}
{"ip":"::1","level":"info","message":"304","method":"GET","responseTime":1,"service":"auth","statusCode":"304","timestamp":"2022-08-05T19:23:18.014Z","url":"/"}
{"ip":"::1","level":"info","message":"304","method":"GET","responseTime":0,"service":"auth","statusCode":"304","timestamp":"2022-08-05T19:23:18.608Z","url":"/"}
{"ip":"::1","level":"info","message":"200","method":"GET","responseTime":1,"service":"auth","statusCode":"200","timestamp":"2022-08-05T19:23:20.385Z","url":"/"}
{"ip":"::1","level":"warn","message":"404","method":"GET","responseTime":2,"service":"auth","statusCode":"404","timestamp":"2022-08-05T19:23:20.445Z","url":"/favicon.ico"}
{"ip":"::1","level":"info","message":"200","method":"GET","responseTime":1,"service":"auth","statusCode":"200","timestamp":"2022-08-05T19:23:21.488Z","url":"/"}
{"ip":"::1","level":"warn","message":"404","method":"GET","responseTime":1,"service":"auth","statusCode":"404","timestamp":"2022-08-05T19:23:21.539Z","url":"/favicon.ico"}
{"ip":"::1","level":"info","message":"200","method":"GET","responseTime":0,"service":"auth","statusCode":"200","timestamp":"2022-08-05T19:23:22.015Z","url":"/"}
{"ip":"::1","level":"warn","message":"404","method":"GET","responseTime":0,"service":"auth","statusCode":"404","timestamp":"2022-08-05T19:23:22.067Z","url":"/favicon.ico"}
{"level":"info","message":"🚀 Server up and running on port 80","port":80,"service":"auth","timestamp":"2022-08-05T19:23:52.576Z"}
{"level":"error","message":"what is the time?","service":"auth","timestamp":"2022-08-05T19:23:52.578Z"}
{"level":"info","message":"🚀 Server up and running on port 80","port":80,"service":"auth","timestamp":"2022-08-05T19:24:40.658Z"}
{"level":"error","message":"what is the time?","service":"auth","timestamp":"2022-08-05T19:24:40.660Z"}
{"level":"info","message":"🚀 Server up and running on port 80","port":80,"service":"auth","timestamp":"2022-08-05T19:25:07.865Z"}
{"level":"error","message":"what is the time?","service":"auth","timestamp":"2022-08-05T19:25:07.867Z"}
{"level":"info","message":"🚀 Server up and running on port 80","port":80,"service":"auth","timestamp":"2022-08-05T19:26:41.007Z"}
{"level":"error","message":"what is the time?","service":"auth","timestamp":"2022-08-05T19:26:41.009Z"}
{"ip":"::1","level":"info","message":"304","method":"GET","responseTime":"5ms","service":"auth","statusCode":"304","timestamp":"2022-08-05T19:26:42.373Z","url":"/"}
{"ip":"::1","level":"info","message":"200","method":"GET","responseTime":"2ms","service":"auth","statusCode":"200","timestamp":"2022-08-05T19:26:45.803Z","url":"/login"}
{"ip":"::1","level":"info","message":"302","method":"POST","responseTime":"10ms","service":"auth","statusCode":"302","timestamp":"2022-08-05T19:26:51.060Z","url":"/login"}
{"ip":"::1","level":"info","message":"304","method":"GET","responseTime":"2ms","service":"auth","statusCode":"304","timestamp":"2022-08-05T19:26:51.065Z","url":"/"}
{"level":"info","message":"🚀 Server up and running on port 80","port":80,"service":"auth","timestamp":"2022-08-05T19:27:42.034Z"}
{"level":"error","message":"what is the time?","service":"auth","timestamp":"2022-08-05T19:27:42.036Z"}
{"level":"info","message":"🚀 Server up and running on port 80","port":80,"service":"auth","timestamp":"2022-08-05T19:28:07.021Z"}
{"level":"error","message":"what is the time?","service":"auth","timestamp":"2022-08-05T19:28:07.023Z"}
{"level":"info","message":"🚀 Server up and running on port 80","port":80,"service":"auth","timestamp":"2022-08-05T19:29:09.988Z"}
{"level":"error","message":"what is the time?","service":"auth","timestamp":"2022-08-05T19:29:09.990Z"}
{"level":"info","message":"🚀 Server up and running on port 80","port":80,"service":"auth","timestamp":"2022-08-05T19:30:08.117Z"}
{"level":"error","message":"what is the time?","service":"auth","timestamp":"2022-08-05T19:30:08.119Z"}
{"level":"info","message":"🚀 Server up and running on port 80","port":80,"service":"auth","timestamp":"2022-08-05T19:33:00.172Z"}
{"level":"error","message":"what is the time?","service":"auth","timestamp":"2022-08-05T19:33:00.174Z"}
{"level":"info","message":"🚀 Server up and running on port 80","port":80,"service":"auth","timestamp":"2022-08-05T19:33:13.092Z"}
{"level":"info","message":"🚀 Server up and running on port 80","port":80,"service":"auth","timestamp":"2022-08-05T19:33:32.783Z"}
{"ip":"::1","level":"info","message":"304","method":"GET","responseTime":"3ms","service":"auth","statusCode":"304","timestamp":"2022-08-05T19:33:46.372Z","url":"/","userId":2,"username":"ed"}
{"ip":"::1","level":"info","message":"304","method":"GET","responseTime":"1ms","service":"auth","statusCode":"304","timestamp":"2022-08-05T19:34:02.612Z","url":"/","userId":2,"username":"ed"}
{"ip":"::1","level":"info","message":"302","method":"GET","responseTime":"2ms","service":"auth","statusCode":"302","timestamp":"2022-08-05T19:34:05.462Z","url":"/logout"}
{"ip":"::1","level":"info","message":"304","method":"GET","responseTime":"0ms","service":"auth","statusCode":"304","timestamp":"2022-08-05T19:34:05.465Z","url":"/"}
{"level":"info","message":"🚀 Server up and running on port 80","port":80,"service":"auth","timestamp":"2022-08-05T19:36:27.694Z"}
{"ip":"::1","level":"info","message":"304","method":"GET","responseTime":"3ms","service":"auth","statusCode":"304","statusMessage":"Not Modified","timestamp":"2022-08-05T19:36:31.148Z","url":"/"}
{"ip":"::1","level":"info","message":"304","method":"GET","responseTime":"1ms","service":"auth","statusCode":"304","statusMessage":"Not Modified","timestamp":"2022-08-05T19:36:34.870Z","url":"/"}
{"ip":"::1","level":"error","message":"500","method":"GET","responseTime":"2ms","service":"auth","statusCode":"500","statusMessage":"Internal Server Error","timestamp":"2022-08-05T19:36:41.434Z","url":"/causeError"}
{"ip":"::1","level":"warn","message":"404","method":"GET","responseTime":"2ms","service":"auth","statusCode":"404","statusMessage":"Not Found","timestamp":"2022-08-05T19:36:47.557Z","url":"/causeErrorrrr"}
{"ip":"::1","level":"info","message":"304","method":"GET","responseTime":"1ms","service":"auth","statusCode":"304","statusMessage":"Not Modified","timestamp":"2022-08-05T19:37:08.446Z","url":"/"}
{"ip":"::1","level":"info","message":"200","method":"GET","responseTime":"1ms","service":"auth","statusCode":"200","statusMessage":"OK","timestamp":"2022-08-05T19:37:10.447Z","url":"/"}
{"ip":"::1","level":"warn","message":"404","method":"GET","responseTime":"1ms","service":"auth","statusCode":"404","statusMessage":"Not Found","timestamp":"2022-08-05T19:37:10.508Z","url":"/favicon.ico"}
{"level":"info","message":"🚀 Server up and running on port 80","port":80,"service":"auth","timestamp":"2022-08-05T19:37:28.793Z"}
{"ip":"::1","level":"info","message":"Not Modified","method":"GET","responseTime":"4ms","service":"auth","statusCode":"304","statusMessage":"Not Modified","timestamp":"2022-08-05T19:37:31.981Z","url":"/"}
{"level":"info","message":"🚀 Server up and running on port 80","port":80,"service":"auth","timestamp":"2022-08-05T19:38:00.188Z"}
{"ip":"::1","level":"info","message":"Not Modified","method":"GET","responseTime":"5ms","service":"auth","statusCode":"304","statusMessage":"Not Modified","timestamp":"2022-08-05T19:38:05.628Z","url":"/"}
{"level":"info","message":"🚀 Server up and running on port 80","port":80,"service":"auth","timestamp":"2022-08-05T19:49:36.787Z"}
{"ip":"::1","level":"info","message":"Not Modified","method":"GET","responseTime":"3ms","service":"auth","statusCode":"304","statusMessage":"Not Modified","timestamp":"2022-08-05T19:49:41.714Z","url":"/"}
{"level":"info","message":"🚀 Server up and running on port 80","port":80,"service":"auth","timestamp":"2022-08-05T19:51:23.315Z"}
{"level":"info","message":"🚀 Server up and running on port 80","port":80,"service":"auth","timestamp":"2022-08-05T19:51:28.052Z"}
{"level":"info","message":"🚀 Server up and running on port 80","port":80,"service":"auth","timestamp":"2022-08-05T19:52:29.710Z"}
{"level":"info","message":"🚀 Server up and running on port 80","port":80,"service":"auth","timestamp":"2022-08-05T19:53:02.345Z"}
{"level":"info","message":"🚀 Server up and running on port 80","port":80,"service":"auth","timestamp":"2022-08-05T19:54:15.174Z"}
{"level":"info","message":"🚀 Server up and running on port 80","port":80,"service":"auth","timestamp":"2022-08-05T19:54:34.707Z"}
{"level":"info","message":"🚀 Server up and running on port 80","port":80,"service":"auth","timestamp":"2022-08-05T19:56:53.054Z"}
{"level":"info","message":"🚀 Server up and running on port 80","port":80,"service":"auth","timestamp":"2022-08-05T19:57:31.597Z"}
{"ip":"::1","level":"info","message":"OK","method":"GET","responseTime":"4ms","service":"auth","statusCode":"200","statusMessage":"OK","timestamp":"2022-08-05T19:57:32.688Z","url":"/"}
{"level":"info","message":"🚀 Server up and running on port 80","port":80,"service":"auth","timestamp":"2022-08-05T19:58:22.185Z"}
{"level":"info","message":"🚀 Server up and running on port 80","port":80,"service":"auth","timestamp":"2022-08-05T19:59:18.269Z"}
{"level":"info","message":"🚀 Server up and running on port 80","port":80,"service":"auth","timestamp":"2022-08-05T20:00:35.545Z"}
{"level":"info","message":"🚀 Server up and running on port 80","port":80,"service":"auth","timestamp":"2022-08-05T20:01:30.330Z"}
