{"level":"error","message":"what is the time?","port":80,"service":"auth"}
{"level":"error","message":"what is the time?","service":"auth"}
{"level":"error","message":"what is the time?","service":"auth"}
{"level":"error","message":"what is the time?","service":"auth","timestamp":"2022-08-04T22:04:26.010Z"}
{"level":"error","message":"what is the time?","service":"auth","timestamp":"2022-08-04T22:13:28.000Z"}
{"level":"error","message":"what is the time?","service":"auth","timestamp":"2022-08-04T22:13:50.122Z"}
{"level":"error","message":"what is the time?","service":"auth","timestamp":"2022-08-05T12:44:50.862Z"}
{"level":"error","message":"what is the time?","service":"auth","timestamp":"2022-08-05T12:45:02.791Z"}
{"level":"error","message":"what is the time?","service":"authh","timestamp":"2022-08-05T12:45:20.162Z"}
{"level":"error","message":"what is the time?","service":"auth","timestamp":"2022-08-05T12:45:25.829Z"}
{"level":"error","message":"what is the time?","service":"auth","timestamp":"2022-08-05T12:47:13.725Z"}
{"level":"error","message":"what is the time?","service":"auth","timestamp":"2022-08-05T13:06:46.289Z"}
{"level":"error","message":"what is the time?","service":"auth","timestamp":"2022-08-05T13:07:01.478Z"}
{"level":"error","message":"what is the time?","service":"auth","timestamp":"2022-08-05T13:10:36.489Z"}
{"level":"error","message":"what is the time?","service":"auth","timestamp":"2022-08-05T13:11:20.459Z"}
{"level":"error","message":"what is the time?","service":"auth","timestamp":"2022-08-05T13:11:38.638Z"}
{"level":"error","message":"what is the time?","service":"auth","timestamp":"2022-08-05T13:14:36.891Z"}
{"level":"error","message":"what is the time?","service":"auth","timestamp":"2022-08-05T13:14:38.678Z"}
{"level":"error","message":"what is the time?","service":"auth","timestamp":"2022-08-05T13:14:48.892Z"}
{"level":"error","message":"what is the time?","service":"auth","timestamp":"2022-08-05T13:14:50.776Z"}
{"ip":"::1","level":"error","message":"500","method":"GET","service":"auth","statusCode":"500","timestamp":"2022-08-05T13:15:00.286Z","url":"/causeError"}
{"level":"error","message":"what is the time?","service":"auth","timestamp":"2022-08-05T19:14:48.694Z"}
{"level":"error","message":"what is the time?","service":"auth","timestamp":"2022-08-05T19:21:56.490Z"}
{"level":"error","message":"what is the time?","service":"auth","timestamp":"2022-08-05T19:22:32.809Z"}
{"level":"error","message":"what is the time?","service":"auth","timestamp":"2022-08-05T19:23:52.578Z"}
{"level":"error","message":"what is the time?","service":"auth","timestamp":"2022-08-05T19:24:40.660Z"}
{"level":"error","message":"what is the time?","service":"auth","timestamp":"2022-08-05T19:25:07.867Z"}
{"level":"error","message":"what is the time?","service":"auth","timestamp":"2022-08-05T19:26:41.009Z"}
{"level":"error","message":"what is the time?","service":"auth","timestamp":"2022-08-05T19:27:42.036Z"}
{"level":"error","message":"what is the time?","service":"auth","timestamp":"2022-08-05T19:28:07.023Z"}
{"level":"error","message":"what is the time?","service":"auth","timestamp":"2022-08-05T19:29:09.990Z"}
{"level":"error","message":"what is the time?","service":"auth","timestamp":"2022-08-05T19:30:08.119Z"}
{"level":"error","message":"what is the time?","service":"auth","timestamp":"2022-08-05T19:33:00.174Z"}
{"ip":"::1","level":"error","message":"500","method":"GET","responseTime":"2ms","service":"auth","statusCode":"500","statusMessage":"Internal Server Error","timestamp":"2022-08-05T19:36:41.434Z","url":"/causeError"}
{"callstack":"test test:1:34","level":"error","message":"test error","service":"","timestamp":"2022-08-06T10:47:06.126Z"}
{"callstack":"test test:1:34","level":"error","message":"test error","service":"","timestamp":"2022-08-06T10:59:47.303Z"}
{"callstack":"testfile testfile:1:34","level":"error","message":"test error for file","service":"","timestamp":"2022-08-06T10:59:47.304Z"}
{"callstack":"test test:1:34","level":"error","message":"test error","service":"","timestamp":"2022-08-06T11:00:08.611Z"}
{"callstack":"testfile testfile:1:34","level":"error","message":"test error for file","service":"","timestamp":"2022-08-06T11:00:08.613Z"}
{"callstack":"test test:1:34","level":"error","message":"test error","service":"","timestamp":"2022-08-06T11:01:53.373Z"}
{"callstack":"testfile testfile:1:34","level":"error","message":"test error for file","service":"","timestamp":"2022-08-06T11:01:53.378Z"}
{"callstack":"test test:1:34","level":"error","message":"test error","service":"","timestamp":"2022-08-06T11:02:36.339Z"}
{"callstack":"testfile testfile:1:34","level":"error","message":"test error for file","service":"","timestamp":"2022-08-06T11:02:36.343Z"}
{"callstack":"test test:1:34","level":"error","message":"test error","service":"","timestamp":"2022-08-06T11:03:51.969Z"}
{"callstack":"test test:1:34","level":"error","message":"test error","service":"","timestamp":"2022-08-06T11:03:58.619Z"}
{"callstack":"testfile testfile:1:34","level":"error","message":"test error for file","service":"","timestamp":"2022-08-06T11:03:58.621Z"}
{"callstack":"test test:1:34","level":"error","message":"test error","service":"","timestamp":"2022-08-06T11:08:18.866Z"}
{"callstack":"testfile testfile:1:34","level":"error","message":"test error for file","service":"","timestamp":"2022-08-06T11:08:18.868Z"}
{"callstack":"test test:1:34","level":"error","message":"test error","service":"","timestamp":"2022-08-06T11:08:20.806Z"}
{"callstack":"testfile testfile:1:34","level":"error","message":"test error for file","service":"","timestamp":"2022-08-06T11:08:20.807Z"}
{"callstack":"test test:1:34","level":"error","message":"test error","service":"","timestamp":"2022-08-06T11:08:22.720Z"}
{"callstack":"testfile testfile:1:34","level":"error","message":"test error for file","service":"","timestamp":"2022-08-06T11:08:22.724Z"}
{"callstack":"test test:1:34","level":"error","message":"test error","service":"","timestamp":"2022-08-06T11:08:24.630Z"}
{"callstack":"testfile testfile:1:34","level":"error","message":"test error for file","service":"","timestamp":"2022-08-06T11:08:24.634Z"}
{"callstack":"test test:1:34","level":"error","message":"test error","service":"","timestamp":"2022-08-06T11:08:59.362Z"}
{"callstack":"testfile testfile:1:34","level":"error","message":"test error for file","service":"","timestamp":"2022-08-06T11:08:59.363Z"}
{"callstack":"test test:1:34","level":"error","message":"test error","service":"","timestamp":"2022-08-06T11:09:28.208Z"}
{"callstack":"testfile testfile:1:34","level":"error","message":"test error for file","service":"","timestamp":"2022-08-06T11:09:28.212Z"}
{"callstack":"test test:1:34","level":"error","message":"test error","service":"","timestamp":"2022-08-06T11:09:35.397Z"}
{"callstack":"testfile testfile:1:34","level":"error","message":"test error for file","service":"","timestamp":"2022-08-06T11:09:35.402Z"}
{"callstack":"test test:1:34","level":"error","message":"test error","service":"","timestamp":"2022-08-06T11:09:39.790Z"}
{"callstack":"testfile testfile:1:34","level":"error","message":"test error for file","service":"","timestamp":"2022-08-06T11:09:39.791Z"}
{"callstack":"test test:1:34","level":"error","message":"test error","service":"","timestamp":"2022-08-06T11:09:50.252Z"}
{"callstack":"testfile testfile:1:34","level":"error","message":"test error for file","service":"","timestamp":"2022-08-06T11:09:50.257Z"}
{"callstack":"test test:1:34","level":"error","message":"test error","service":"","timestamp":"2022-08-06T11:09:52.217Z"}
{"callstack":"testfile testfile:1:34","level":"error","message":"test error for file","service":"","timestamp":"2022-08-06T11:09:52.218Z"}
{"callstack":"test test:1:34","level":"error","message":"test error","service":"","timestamp":"2022-08-06T11:09:54.141Z"}
{"callstack":"testfile testfile:1:34","level":"error","message":"test error for file","service":"","timestamp":"2022-08-06T11:09:54.145Z"}
{"callstack":"test test:1:34","level":"error","message":"test error","service":"","timestamp":"2022-08-06T11:09:56.099Z"}
{"callstack":"testfile testfile:1:34","level":"error","message":"test error for file","service":"","timestamp":"2022-08-06T11:09:56.101Z"}
{"callstack":"test test:1:34","level":"error","message":"test error","service":"","timestamp":"2022-08-06T11:10:11.330Z"}
{"callstack":"testfile testfile:1:34","level":"error","message":"test error for file","service":"","timestamp":"2022-08-06T11:10:11.332Z"}
{"callstack":"test test:1:34","level":"error","message":"test error","service":"","timestamp":"2022-08-06T11:10:37.071Z"}
{"callstack":"testfile testfile:1:34","level":"error","message":"test error for file","service":"","timestamp":"2022-08-06T11:10:37.073Z"}
{"callstack":"test test:1:34","level":"error","message":"test error","service":"","timestamp":"2022-08-06T11:11:00.262Z"}
{"callstack":"testfile testfile:1:34","level":"error","message":"test error for file","service":"","timestamp":"2022-08-06T11:11:00.265Z"}
{"callstack":"test test:1:34","level":"error","message":"test error","service":"","timestamp":"2022-08-06T11:12:09.507Z"}
{"callstack":"testfile testfile:1:34","level":"error","message":"test error for file","service":"","timestamp":"2022-08-06T11:12:09.509Z"}
{"callstack":"test test:1:34","level":"error","message":"test error","service":"","timestamp":"2022-08-06T11:12:50.267Z"}
{"callstack":"testfile testfile:1:34","level":"error","message":"test error for file","service":"","timestamp":"2022-08-06T11:12:50.269Z"}
{"callstack":"test test:1:34","level":"error","message":"test error","service":"","timestamp":"2022-08-06T11:15:10.626Z"}
{"callstack":"testfile testfile:1:34","level":"error","message":"test error for file","service":"","timestamp":"2022-08-06T11:15:10.628Z"}
{"callstack":"test test:1:34","level":"error","message":"test error","service":"","timestamp":"2022-08-06T11:16:05.924Z"}
{"callstack":"testfile testfile:1:34","level":"error","message":"test error for file","service":"","timestamp":"2022-08-06T11:16:05.927Z"}
{"callstack":"test test:1:34","level":"error","message":"test error","service":"","timestamp":"2022-08-06T11:17:20.680Z"}
{"callstack":"testfile testfile:1:34","level":"error","message":"test error for file","service":"","timestamp":"2022-08-06T11:17:20.682Z"}
{"callstack":"test test:1:34","level":"error","message":"test error","service":"","timestamp":"2022-08-06T11:18:38.041Z"}
{"callstack":"testfile testfile:1:34","level":"error","message":"test error for file","service":"","timestamp":"2022-08-06T11:18:38.043Z"}
{"callstack":"test test:1:34","level":"error","message":"test error","service":"","timestamp":"2022-08-06T11:51:10.156Z"}
{"callstack":"testfile testfile:1:34","level":"error","message":"test error for file","service":"","timestamp":"2022-08-06T11:51:10.159Z"}
{"callstack":"test test:1:34","level":"error","message":"test error","service":"","timestamp":"2022-08-06T11:54:36.938Z"}
{"callstack":"testfile testfile:1:34","level":"error","message":"test error for file","service":"","timestamp":"2022-08-06T11:54:36.941Z"}
{"callstack":"test test:1:34","level":"error","message":"test error","service":"","timestamp":"2022-08-06T11:55:01.634Z"}
{"callstack":"testfile testfile:1:34","level":"error","message":"test error for file","service":"","timestamp":"2022-08-06T11:55:01.637Z"}
{"callstack":"test test:1:34","level":"error","message":"test error","service":"","timestamp":"2022-08-06T11:55:49.047Z"}
{"callstack":"testfile testfile:1:34","level":"error","message":"test error for file","service":"","timestamp":"2022-08-06T11:55:49.049Z"}
{"callstack":"test test:1:34","level":"error","message":"test error","service":"","timestamp":"2022-08-06T11:59:25.496Z"}
{"callstack":"testfile testfile:1:34","level":"error","message":"test error for file","service":"","timestamp":"2022-08-06T11:59:25.498Z"}
{"callstack":"test test:1:34","level":"error","message":"test error","service":"","timestamp":"2022-08-06T11:59:56.390Z"}
{"callstack":"testfile testfile:1:34","level":"error","message":"test error for file","service":"","timestamp":"2022-08-06T11:59:56.392Z"}
{"callstack":"test test:1:34","level":"error","message":"test error","service":"","timestamp":"2022-08-06T12:01:22.189Z"}
{"callstack":"testfile testfile:1:34","level":"error","message":"test error for file","service":"","timestamp":"2022-08-06T12:01:22.191Z"}
{"callstack":"test test:1:34","level":"error","message":"test error","service":"","timestamp":"2022-08-06T12:05:31.069Z"}
{"callstack":"testfile testfile:1:34","level":"error","message":"test error for file","service":"","timestamp":"2022-08-06T12:05:31.071Z"}
{"callstack":"test test:1:34","level":"error","message":"test error","service":"","timestamp":"2022-08-06T12:06:28.632Z"}
{"callstack":"testfile testfile:1:34","level":"error","message":"test error for file","service":"","timestamp":"2022-08-06T12:06:28.633Z"}
{"callstack":"test test:1:34","level":"error","message":"test error","service":"","timestamp":"2022-08-06T12:08:23.800Z"}
{"callstack":"testfile testfile:1:34","level":"error","message":"test error for file","service":"","timestamp":"2022-08-06T12:08:23.802Z"}
{"callstack":"test test:1:34","level":"error","message":"test error","service":"","timestamp":"2022-08-06T12:10:54.916Z"}
{"callstack":"testfile testfile:1:34","level":"error","message":"test error for file","service":"","timestamp":"2022-08-06T12:10:54.918Z"}
{"callstack":"test test:1:34","level":"error","message":"test error","service":"","timestamp":"2022-08-06T12:13:50.375Z"}
{"callstack":"testfile testfile:1:34","level":"error","message":"test error for file","service":"","timestamp":"2022-08-06T12:13:50.376Z"}
{"callstack":"test test:1:34","level":"error","message":"test error","service":"","timestamp":"2022-08-06T12:15:13.011Z"}
{"callstack":"testfile testfile:1:34","level":"error","message":"test error for file","service":"","timestamp":"2022-08-06T12:15:13.013Z"}
{"callstack":"test test:1:34","level":"error","message":"test error","service":"","timestamp":"2022-08-06T12:16:52.508Z"}
{"callstack":"testfile testfile:1:34","level":"error","message":"test error for file","service":"","timestamp":"2022-08-06T12:16:52.510Z"}
{"callstack":"test test:1:34","level":"error","message":"test error","service":"","timestamp":"2022-08-06T12:17:22.197Z"}
{"callstack":"testfile testfile:1:34","level":"error","message":"test error for file","service":"","timestamp":"2022-08-06T12:17:22.199Z"}
{"callstack":"test test:1:34","level":"error","message":"test error","service":"","timestamp":"2022-08-06T12:17:55.495Z"}
{"callstack":"testfile testfile:1:34","level":"error","message":"test error for file","service":"","timestamp":"2022-08-06T12:17:55.497Z"}
{"callstack":"test test:1:34","level":"error","message":"test error","service":"","timestamp":"2022-08-06T12:18:28.242Z"}
{"callstack":"testfile testfile:1:34","level":"error","message":"test error for file","service":"","timestamp":"2022-08-06T12:18:28.244Z"}
{"callstack":"test test:1:34","level":"error","message":"test error","service":"","timestamp":"2022-08-06T12:19:26.558Z"}
{"callstack":"testfile testfile:1:34","level":"error","message":"test error for file","service":"","timestamp":"2022-08-06T12:19:26.560Z"}
{"callstack":"test test:1:34","level":"error","message":"test error","service":"","timestamp":"2022-08-06T12:30:08.702Z"}
{"callstack":"testfile testfile:1:34","level":"error","message":"test error for file","service":"","timestamp":"2022-08-06T12:30:08.704Z"}
{"callstack":"test test:1:34","level":"error","message":"test error","service":"","timestamp":"2022-08-06T12:30:45.739Z"}
{"callstack":"testfile testfile:1:34","level":"error","message":"test error for file","service":"","timestamp":"2022-08-06T12:30:45.740Z"}
{"callstack":"test test:1:34","level":"error","message":"test error","service":"","timestamp":"2022-08-06T12:38:56.184Z"}
{"callstack":"testfile testfile:1:34","level":"error","message":"test error for file","service":"","timestamp":"2022-08-06T12:38:56.186Z"}
{"callstack":"test test:1:34","level":"error","message":"test error","service":"","timestamp":"2022-08-06T12:40:44.990Z"}
{"callstack":"testfile testfile:1:34","level":"error","message":"test error for file","service":"","timestamp":"2022-08-06T12:40:44.993Z"}
{"callstack":"test test:1:34","level":"error","message":"test error","service":"","timestamp":"2022-08-06T12:42:27.191Z"}
{"callstack":"testfile testfile:1:34","level":"error","message":"test error for file","service":"","timestamp":"2022-08-06T12:42:27.193Z"}
{"callstack":"test test:1:34","level":"error","message":"test error","service":"","timestamp":"2022-08-06T12:43:15.146Z"}
{"callstack":"testfile testfile:1:34","level":"error","message":"test error for file","service":"","timestamp":"2022-08-06T12:43:15.148Z"}
{"callstack":"test test:1:34","level":"error","message":"test error","service":"","timestamp":"2022-08-06T12:43:26.076Z"}
{"callstack":"testfile testfile:1:34","level":"error","message":"test error for file","service":"","timestamp":"2022-08-06T12:43:26.077Z"}
{"callstack":"test test:1:34","level":"error","message":"test error","service":"","timestamp":"2022-08-06T16:25:23.591Z"}
{"callstack":"testfile testfile:1:34","level":"error","message":"test error for file","service":"","timestamp":"2022-08-06T16:25:23.593Z"}
{"callstack":"test test:1:34","level":"error","message":"test error","service":"","timestamp":"2022-08-06T16:25:40.283Z"}
{"callstack":"testfile testfile:1:34","level":"error","message":"test error for file","service":"","timestamp":"2022-08-06T16:25:40.285Z"}
{"callstack":"test test:1:34","level":"error","message":"test error","service":"","timestamp":"2022-08-06T16:26:55.911Z"}
{"callstack":"testfile testfile:1:34","level":"error","message":"test error for file","service":"","timestamp":"2022-08-06T16:26:55.913Z"}
{"callstack":"test test:1:34","level":"error","message":"test error","service":"","timestamp":"2022-08-06T16:27:21.818Z"}
{"callstack":"testfile testfile:1:34","level":"error","message":"test error for file","service":"","timestamp":"2022-08-06T16:27:21.820Z"}
{"ip":"::1","level":"error","message":"Internal Server Error","method":"GET","responseTime":{"inverse":false},"service":"","statusCode":"500","statusMessage":"Internal Server Error","timestamp":"2022-08-06T16:30:11.151Z","url":"/test","userId":0,"username":"testUsername"}
{"callstack":"test test:1:34","level":"error","message":"test error","service":"","timestamp":"2022-08-06T16:30:11.364Z"}
{"callstack":"testfile testfile:1:34","level":"error","message":"test error for file","service":"","timestamp":"2022-08-06T16:30:11.369Z"}
{"ip":"::1","level":"error","message":"Internal Server Error","method":"GET","responseTime":{"inverse":false},"service":"","statusCode":"500","statusMessage":"Internal Server Error","timestamp":"2022-08-06T16:30:41.228Z","url":"/test","userId":0,"username":"testUsername"}
{"callstack":"test test:1:34","level":"error","message":"test error","service":"","timestamp":"2022-08-06T16:30:41.442Z"}
{"callstack":"testfile testfile:1:34","level":"error","message":"test error for file","service":"","timestamp":"2022-08-06T16:30:41.443Z"}
{"ip":"::1","level":"error","message":"Internal Server Error","method":"GET","responseTime":{"inverse":false},"service":"","statusCode":"500","statusMessage":"Internal Server Error","timestamp":"2022-08-06T16:32:41.708Z","url":"/test","userId":0,"username":"testUsername"}
{"callstack":"test test:1:34","level":"error","message":"test error","service":"","timestamp":"2022-08-06T16:32:41.942Z"}
{"callstack":"testfile testfile:1:34","level":"error","message":"test error for file","service":"","timestamp":"2022-08-06T16:32:41.943Z"}
{"ip":"::1","level":"error","message":"Internal Server Error","method":"GET","responseTime":{"inverse":false},"service":"","statusCode":"500","statusMessage":"Internal Server Error","timestamp":"2022-08-06T16:33:10.161Z","url":"/test","userId":0,"username":"testUsername"}
{"callstack":"test test:1:34","level":"error","message":"test error","service":"","timestamp":"2022-08-06T16:33:10.385Z"}
{"callstack":"testfile testfile:1:34","level":"error","message":"test error for file","service":"","timestamp":"2022-08-06T16:33:10.386Z"}
{"ip":"::1","level":"error","message":"Internal Server Error","method":"GET","responseTime":{"inverse":false},"service":"","statusCode":"500","statusMessage":"Internal Server Error","timestamp":"2022-08-06T16:34:21.402Z","url":"/test","userId":0,"username":"testUsername"}
{"callstack":"test test:1:34","level":"error","message":"test error","service":"","timestamp":"2022-08-06T16:34:21.609Z"}
{"callstack":"testfile testfile:1:34","level":"error","message":"test error for file","service":"","timestamp":"2022-08-06T16:34:21.611Z"}
{"ip":"::1","level":"error","message":"Internal Server Error","method":"GET","responseTime":{"inverse":false},"service":"","statusCode":"500","statusMessage":"Internal Server Error","timestamp":"2022-08-06T16:34:35.547Z","url":"/test","userId":0,"username":"testUsername"}
{"callstack":"test test:1:34","level":"error","message":"test error","service":"","timestamp":"2022-08-06T16:34:35.757Z"}
{"callstack":"testfile testfile:1:34","level":"error","message":"test error for file","service":"","timestamp":"2022-08-06T16:34:35.758Z"}
{"ip":"::1","level":"error","message":"Internal Server Error","method":"GET","responseTime":{"inverse":false},"service":"","statusCode":"500","statusMessage":"Internal Server Error","timestamp":"2022-08-06T16:35:08.489Z","url":"/test","userId":0,"username":"testUsername"}
{"callstack":"test test:1:34","level":"error","message":"test error","service":"","timestamp":"2022-08-06T16:35:08.735Z"}
{"callstack":"testfile testfile:1:34","level":"error","message":"test error for file","service":"","timestamp":"2022-08-06T16:35:08.737Z"}
{"ip":"::1","level":"error","message":"Internal Server Error","method":"GET","responseTime":{"inverse":false},"service":"","statusCode":"500","statusMessage":"Internal Server Error","timestamp":"2022-08-06T16:35:49.159Z","url":"/test","userId":0,"username":"testUsername"}
{"callstack":"test test:1:34","level":"error","message":"test error","service":"","timestamp":"2022-08-06T16:35:49.388Z"}
{"callstack":"testfile testfile:1:34","level":"error","message":"test error for file","service":"","timestamp":"2022-08-06T16:35:49.390Z"}
{"ip":"::1","level":"error","message":"Internal Server Error","method":"GET","responseTime":{"inverse":false},"service":"","statusCode":"500","statusMessage":"Internal Server Error","timestamp":"2022-08-06T16:36:37.038Z","url":"/test","userId":0,"username":"testUsername"}
{"callstack":"test test:1:34","level":"error","message":"test error","service":"","timestamp":"2022-08-06T16:36:37.254Z"}
{"callstack":"testfile testfile:1:34","level":"error","message":"test error for file","service":"","timestamp":"2022-08-06T16:36:37.255Z"}
{"ip":"::1","level":"error","message":"Internal Server Error","method":"GET","responseTime":{"inverse":false},"service":"","statusCode":"500","statusMessage":"Internal Server Error","timestamp":"2022-08-06T16:38:22.430Z","url":"/test","userId":0,"username":"testUsername"}
{"ip":"::1","level":"error","message":"Internal Server Error","method":"GET","responseTime":{"inverse":false},"service":"","statusCode":"500","statusMessage":"Internal Server Error","timestamp":"2022-08-06T16:39:45.712Z","url":"/test","userId":0,"username":"testUsername"}
{"callstack":"test test:1:34","level":"error","message":"test error","service":"","timestamp":"2022-08-06T16:39:46.226Z"}
{"callstack":"testfile testfile:1:34","level":"error","message":"test error for file","service":"","timestamp":"2022-08-06T16:39:46.228Z"}
{"ip":"::1","level":"error","message":"Internal Server Error","method":"GET","responseTime":{"inverse":false},"service":"","statusCode":"500","statusMessage":"Internal Server Error","timestamp":"2022-08-06T16:43:14.108Z","url":"/test","userId":0,"username":"testUsername"}
{"ip":"::1","level":"error","message":"Internal Server Error","method":"GET","responseTime":{"inverse":false},"service":"","statusCode":"500","statusMessage":"Internal Server Error","timestamp":"2022-08-06T16:46:12.616Z","url":"/test","userId":0,"username":"testUsername"}
{"ip":"::1","level":"error","message":"Internal Server Error","method":"GET","responseTime":{"inverse":false},"service":"","statusCode":"500","statusMessage":"Internal Server Error","timestamp":"2022-08-06T16:55:12.604Z","url":"/test","userId":0,"username":"testUsername"}
{"callstack":"test test:1:34","level":"error","message":"test error","service":"","timestamp":"2022-08-06T16:55:13.169Z"}
{"callstack":"testfile testfile:1:34","level":"error","message":"test error for file","service":"","timestamp":"2022-08-06T16:55:13.171Z"}
